[main f31f95f] Signal Sync - Sniper Mode
 2 files changed, 164 insertions(+), 165 deletions(-)
 create mode 100644 syndicate_autopilot.log
To https://github.com/Hgully/quant-syndicate.git
   efff8c1..f31f95f  main -> main

[21:17:31] 🚀 SYNDICATE ENGINE INITIALIZED
🧠 GATHERING GLOBAL INTELLIGENCE...
   ✅ NCAAB Intelligence Cached.
   ⚠️ NBA Blocked. Using Backup Vault.
   ✅ NHL Intelligence Cached.
   ⚠️ SOCCER Blocked. Using Backup Vault.
   ⚠️ UFC Blocked. Using Backup Vault.
📡 Sweeping 39 NCAAB games...
📡 Sweeping 12 NBA games...
📡 Sweeping 17 NHL games...
📡 Sweeping 13 MLB games...
📡 Sweeping 18 SOCCER games...
📡 Sweeping 71 UFC games...

☁️ SYNDICATE TERMINAL UPDATED (ALL SYSTEMS GO).
📣 Signal Sent to Telegram: *Sport:* NBA
📣 Signal Sent to Telegram: *Sport:* NHL
📣 Signal Sent to Telegram: *Sport:* NHL
📣 Signal Sent to Telegram: *Sport:* SOCCER
📣 Signal Sent to Telegram: *Sport:* SOCCER
📣 Signal Sent to Telegram: *Sport:* UFC
📣 Signal Sent to Telegram: *Sport:* UFC
📣 Signal Sent to Telegram: *Sport:* UFC
📣 Signal Sent to Telegram: *Sport:* UFC
📣 Signal Sent to Telegram: *Sport:* UFC
📣 Signal Sent to Telegram: *Sport:* UFC
📣 Signal Sent to Telegram: *Sport:* UFC
